<?xml version="1.0" encoding="UTF-8"?>
<!-- Generated by org.testng.reporters.JUnitReportReporter -->
<testsuite hostname="DESKTOP-NVFU0V5" failures="0" tests="2" name="regression.Runner" time="60.972" errors="0" timestamp="2024-04-05T10:42:18 IST" skipped="0">
  <testcase classname="regression.Runner" name="verifyValidDetails" time="34.620"/>
  <system-out/>
  <testcase classname="regression.Runner" name="verifyInValidDetails" time="26.352"/>
  <system-out/>
</testsuite> <!-- regression.Runner -->
