<?xml version="1.0" encoding="UTF-8"?>
<!-- Generated by org.testng.reporters.JUnitReportReporter -->
<testsuite hostname="DESKTOP-NVFU0V5" failures="0" tests="2" name="regression.Runner" time="56.405" errors="0" timestamp="2024-04-04T18:40:57 IST" skipped="0">
  <testcase classname="regression.Runner" name="verifyValidDetails" time="31.099"/>
  <system-out/>
  <testcase classname="regression.Runner" name="verifyInValidDetails" time="25.306"/>
  <system-out/>
</testsuite> <!-- regression.Runner -->
