<?xml version="1.0" encoding="UTF-8"?>
<!-- Generated by org.testng.reporters.JUnitReportReporter -->
<testsuite hostname="DESKTOP-NVFU0V5" failures="0" tests="2" name="regression.Runner" time="31.911" errors="0" timestamp="2024-04-02T10:40:05 IST" skipped="0">
  <testcase classname="regression.Runner" name="verifyUnsuccessfulLogin" time="15.242"/>
  <system-out/>
  <testcase classname="regression.Runner" name="verifySuccessfulLogin" time="16.669"/>
  <system-out/>
</testsuite> <!-- regression.Runner -->
